<?xml version="1.0" encoding="UTF-8"?>
<testng-results skipped="0" failed="0" ignored="0" total="1" passed="1">
  <reporter-output>
  </reporter-output>
  <suite name="Default suite" duration-ms="5769" started-at="2019-11-29T05:03:45Z" finished-at="2019-11-29T05:03:51Z">
    <groups>
    </groups>
    <test name="Default test" duration-ms="5769" started-at="2019-11-29T05:03:45Z" finished-at="2019-11-29T05:03:51Z">
      <class name="banking.TC001_VerifyLogin">
        <test-method status="PASS" signature="setup()[pri:0, instance:banking.TC001_VerifyLogin@1bce4f0a]" name="setup" is-config="true" duration-ms="4879" started-at="2019-11-29T05:03:45Z" finished-at="2019-11-29T05:03:50Z">
          <reporter-output>
          </reporter-output>
        </test-method> <!-- setup -->
        <test-method status="PASS" signature="verifylogin()[pri:0, instance:banking.TC001_VerifyLogin@1bce4f0a]" name="verifylogin" duration-ms="760" started-at="2019-11-29T05:03:50Z" finished-at="2019-11-29T05:03:50Z">
          <reporter-output>
          </reporter-output>
        </test-method> <!-- verifylogin -->
        <test-method status="PASS" signature="tearDown()[pri:0, instance:banking.TC001_VerifyLogin@1bce4f0a]" name="tearDown" is-config="true" duration-ms="100" started-at="2019-11-29T05:03:50Z" finished-at="2019-11-29T05:03:51Z">
          <reporter-output>
          </reporter-output>
        </test-method> <!-- tearDown -->
      </class> <!-- banking.TC001_VerifyLogin -->
    </test> <!-- Default test -->
  </suite> <!-- Default suite -->
</testng-results>
